-------------------------------------------------------------------------------
Test set: br.com.automationAPI.MaxMilhasAPI.testAPI
-------------------------------------------------------------------------------
Tests run: 7, Failures: 0, Errors: 1, Skipped: 0, Time elapsed: 30.334 sec <<< FAILURE!
testValitateContractFormat(br.com.automationAPI.MaxMilhasAPI.testAPI)  Time elapsed: 2.354 sec  <<< ERROR!
java.lang.NoSuchFieldError: WRITE_BIGDECIMAL_AS_PLAIN
	at com.github.fge.jackson.JacksonUtils.newMapper(JacksonUtils.java:155)
	at com.github.fge.jackson.JacksonUtils.<clinit>(JacksonUtils.java:55)
	at com.github.fge.jackson.JsonNodeReader.<init>(JsonNodeReader.java:82)
	at com.github.fge.jackson.JsonLoader.<clinit>(JsonLoader.java:50)
	at com.github.fge.jsonschema.SchemaVersion.<init>(SchemaVersion.java:63)
	at com.github.fge.jsonschema.SchemaVersion.<clinit>(SchemaVersion.java:44)
	at com.github.fge.jsonschema.core.load.configuration.LoadingConfigurationBuilder.<init>(LoadingConfigurationBuilder.java:117)
	at com.github.fge.jsonschema.core.load.configuration.LoadingConfiguration.byDefault(LoadingConfiguration.java:151)
	at com.github.fge.jsonschema.main.JsonSchemaFactoryBuilder.<init>(JsonSchemaFactoryBuilder.java:67)
	at com.github.fge.jsonschema.main.JsonSchemaFactory.newBuilder(JsonSchemaFactory.java:123)
	at com.github.fge.jsonschema.main.JsonSchemaFactory.byDefault(JsonSchemaFactory.java:113)
	at io.restassured.module.jsv.JsonSchemaValidatorSettings.<init>(JsonSchemaValidatorSettings.java:58)
	at io.restassured.module.jsv.JsonSchemaValidator$JsonSchemaValidatorFactory.createSettings(JsonSchemaValidator.java:277)
	at io.restassured.module.jsv.JsonSchemaValidator$JsonSchemaValidatorFactory.create(JsonSchemaValidator.java:289)
	at io.restassured.module.jsv.JsonSchemaValidator.matchesJsonSchema(JsonSchemaValidator.java:166)
	at io.restassured.module.jsv.JsonSchemaValidator.matchesJsonSchemaInClasspath(JsonSchemaValidator.java:117)
	at br.com.automationAPI.MaxMilhasAPI.testAPI.testValitateContractFormat(testAPI.java:190)
	at sun.reflect.NativeMethodAccessorImpl.invoke0(Native Method)
	at sun.reflect.NativeMethodAccessorImpl.invoke(NativeMethodAccessorImpl.java:62)
	at sun.reflect.DelegatingMethodAccessorImpl.invoke(DelegatingMethodAccessorImpl.java:43)
	at java.lang.reflect.Method.invoke(Method.java:498)
	at org.junit.runners.model.FrameworkMethod$1.runReflectiveCall(FrameworkMethod.java:50)
	at org.junit.internal.runners.model.ReflectiveCallable.run(ReflectiveCallable.java:12)
	at org.junit.runners.model.FrameworkMethod.invokeExplosively(FrameworkMethod.java:47)
	at org.junit.internal.runners.statements.InvokeMethod.evaluate(InvokeMethod.java:17)
	at org.junit.runners.ParentRunner.runLeaf(ParentRunner.java:325)
	at org.junit.runners.BlockJUnit4ClassRunner.runChild(BlockJUnit4ClassRunner.java:78)
	at org.junit.runners.BlockJUnit4ClassRunner.runChild(BlockJUnit4ClassRunner.java:57)
	at org.junit.runners.ParentRunner$3.run(ParentRunner.java:290)
	at org.junit.runners.ParentRunner$1.schedule(ParentRunner.java:71)
	at org.junit.runners.ParentRunner.runChildren(ParentRunner.java:288)
	at org.junit.runners.ParentRunner.access$000(ParentRunner.java:58)
	at org.junit.runners.ParentRunner$2.evaluate(ParentRunner.java:268)
	at br.com.automationAPI.MaxMilhasAPI.MyTestAPI.run(MyTestAPI.java:34)
	at org.apache.maven.surefire.junit4.JUnit4Provider.execute(JUnit4Provider.java:252)
	at org.apache.maven.surefire.junit4.JUnit4Provider.executeTestSet(JUnit4Provider.java:141)
	at org.apache.maven.surefire.junit4.JUnit4Provider.invoke(JUnit4Provider.java:112)
	at sun.reflect.NativeMethodAccessorImpl.invoke0(Native Method)
	at sun.reflect.NativeMethodAccessorImpl.invoke(NativeMethodAccessorImpl.java:62)
	at sun.reflect.DelegatingMethodAccessorImpl.invoke(DelegatingMethodAccessorImpl.java:43)
	at java.lang.reflect.Method.invoke(Method.java:498)
	at org.apache.maven.surefire.util.ReflectionUtils.invokeMethodWithArray(ReflectionUtils.java:189)
	at org.apache.maven.surefire.booter.ProviderFactory$ProviderProxy.invoke(ProviderFactory.java:165)
	at org.apache.maven.surefire.booter.ProviderFactory.invokeProvider(ProviderFactory.java:85)
	at org.apache.maven.surefire.booter.ForkedBooter.runSuitesInProcess(ForkedBooter.java:115)
	at org.apache.maven.surefire.booter.ForkedBooter.main(ForkedBooter.java:75)

